2022-02-21 08:59:17,852 INFO Set uid to user 0 succeeded
2022-02-21 08:59:17,857 INFO RPC interface 'supervisor' initialized
2022-02-21 08:59:17,858 CRIT Server 'unix_http_server' running without any HTTP authentication checking
2022-02-21 08:59:17,859 INFO supervisord started with pid 1
2022-02-21 08:59:18,866 INFO spawned: 'php-fpm' with pid 7
2022-02-21 08:59:18,871 INFO spawned: 'nginx' with pid 8
2022-02-21 08:59:19,944 INFO success: php-fpm entered RUNNING state, process has stayed up for > than 1 seconds (startsecs)
2022-02-21 08:59:19,946 INFO success: nginx entered RUNNING state, process has stayed up for > than 1 seconds (startsecs)
2022-02-21 09:50:16,665 WARN received SIGQUIT indicating exit request
2022-02-21 09:50:16,668 INFO waiting for php-fpm, nginx to die
2022-02-21 09:50:16,690 INFO stopped: nginx (exit status 0)
2022-02-21 09:50:16,697 INFO stopped: php-fpm (exit status 0)
2022-02-21 09:50:38,032 INFO Set uid to user 0 succeeded
2022-02-21 09:50:38,036 INFO RPC interface 'supervisor' initialized
2022-02-21 09:50:38,037 CRIT Server 'unix_http_server' running without any HTTP authentication checking
2022-02-21 09:50:38,038 INFO supervisord started with pid 1
2022-02-21 09:50:39,045 INFO spawned: 'php-fpm' with pid 7
2022-02-21 09:50:39,048 INFO spawned: 'nginx' with pid 8
2022-02-21 09:50:40,070 INFO success: php-fpm entered RUNNING state, process has stayed up for > than 1 seconds (startsecs)
2022-02-21 09:50:40,071 INFO success: nginx entered RUNNING state, process has stayed up for > than 1 seconds (startsecs)
2022-02-21 09:50:41,039 WARN received SIGQUIT indicating exit request
2022-02-21 09:50:41,041 INFO waiting for php-fpm, nginx to die
2022-02-21 09:50:41,055 INFO stopped: nginx (exit status 0)
2022-02-21 09:50:42,067 INFO stopped: php-fpm (exit status 0)
2022-02-21 10:28:21,521 INFO Set uid to user 0 succeeded
2022-02-21 10:28:21,530 INFO RPC interface 'supervisor' initialized
2022-02-21 10:28:21,531 CRIT Server 'unix_http_server' running without any HTTP authentication checking
2022-02-21 10:28:21,532 INFO supervisord started with pid 1
2022-02-21 10:28:22,539 INFO spawned: 'php-fpm' with pid 8
2022-02-21 10:28:22,543 INFO spawned: 'nginx' with pid 9
2022-02-21 10:28:23,602 INFO success: php-fpm entered RUNNING state, process has stayed up for > than 1 seconds (startsecs)
2022-02-21 10:28:23,604 INFO success: nginx entered RUNNING state, process has stayed up for > than 1 seconds (startsecs)
2022-02-21 10:29:11,662 WARN received SIGQUIT indicating exit request
2022-02-21 10:29:11,665 INFO waiting for php-fpm, nginx to die
2022-02-21 10:29:11,689 INFO stopped: nginx (exit status 0)
2022-02-21 10:29:11,698 INFO stopped: php-fpm (exit status 0)
2022-02-21 10:33:14,216 INFO Set uid to user 0 succeeded
2022-02-21 10:33:14,222 INFO RPC interface 'supervisor' initialized
2022-02-21 10:33:14,224 CRIT Server 'unix_http_server' running without any HTTP authentication checking
2022-02-21 10:33:14,225 INFO supervisord started with pid 1
2022-02-21 10:33:15,234 INFO spawned: 'php-fpm' with pid 7
2022-02-21 10:33:15,239 INFO spawned: 'nginx' with pid 8
2022-02-21 10:33:16,294 INFO success: php-fpm entered RUNNING state, process has stayed up for > than 1 seconds (startsecs)
2022-02-21 10:33:16,297 INFO success: nginx entered RUNNING state, process has stayed up for > than 1 seconds (startsecs)
2022-02-21 10:37:47,881 WARN received SIGQUIT indicating exit request
2022-02-21 10:37:47,883 INFO waiting for php-fpm, nginx to die
2022-02-21 10:37:47,904 INFO stopped: nginx (exit status 0)
2022-02-21 10:37:47,914 INFO stopped: php-fpm (exit status 0)
2022-02-21 10:41:55,422 INFO Set uid to user 0 succeeded
2022-02-21 10:41:55,429 INFO RPC interface 'supervisor' initialized
2022-02-21 10:41:55,431 CRIT Server 'unix_http_server' running without any HTTP authentication checking
2022-02-21 10:41:55,432 INFO supervisord started with pid 1
2022-02-21 10:41:56,436 INFO spawned: 'php-fpm' with pid 8
2022-02-21 10:41:56,440 INFO spawned: 'nginx' with pid 9
2022-02-21 10:41:57,512 INFO success: php-fpm entered RUNNING state, process has stayed up for > than 1 seconds (startsecs)
2022-02-21 10:41:57,514 INFO success: nginx entered RUNNING state, process has stayed up for > than 1 seconds (startsecs)
